<?xml version="1.0" encoding="UTF-8"?>
<!-- Generated by org.testng.reporters.JUnitReportReporter -->
<testsuite hostname="DESKTOP-SBQCLAR" failures="0" tests="2" name="com.fb.testcases.LoginPageTestcases" time="0.159" errors="0" timestamp="03 Mar 2020 09:12:28 GMT" skipped="0">
  <testcase classname="com.fb.testcases.LoginPageTestcases" name="VerifyTitleTest" time="0.018"/>
  <testcase classname="com.fb.testcases.LoginPageTestcases" name="verifyLogintest" time="0.141"/>
</testsuite> <!-- com.fb.testcases.LoginPageTestcases -->
