<?xml version="1.0" encoding="UTF-8"?>
<!-- Generated by org.testng.reporters.JUnitReportReporter -->
<testsuite hostname="DESKTOP-SBQCLAR" failures="0" tests="2" name="Testng.testDemo" time="0.005" errors="0" timestamp="2020-02-19T14:48:23 IST" skipped="0">
  <testcase classname="Testng.testDemo" name="driverinfor" time="0.004"/>
  <testcase classname="Testng.testDemo" name="launch" time="0.001"/>
</testsuite> <!-- Testng.testDemo -->
