<?xml version="1.0" encoding="UTF-8"?>
<!-- Generated by org.testng.reporters.JUnitReportReporter -->
<testsuite hostname="DESKTOP-SBQCLAR" failures="0" tests="2" name="Testng.SoftAssertion" time="17.296" errors="0" timestamp="2020-02-19T15:51:57 IST" skipped="0">
  <testcase classname="Testng.SoftAssertion" name="login" time="0.002"/>
  <testcase classname="Testng.SoftAssertion" name="checkTitle" time="17.294"/>
</testsuite> <!-- Testng.SoftAssertion -->
