<?xml version="1.0" encoding="UTF-8"?>
<!-- Generated by org.testng.reporters.JUnitReportReporter -->
<testsuite hostname="DESKTOP-SBQCLAR" failures="0" tests="6" name="Testng.ResearchDemo" time="0.016" errors="0" timestamp="2020-02-28T15:25:38 IST" skipped="0">
  <testcase classname="Testng.ResearchDemo" name="zero" time="0.000"/>
  <testcase classname="Testng.ResearchDemo" name="b" time="0.016"/>
  <testcase classname="Testng.ResearchDemo" name="cat" time="0.000"/>
  <testcase classname="Testng.ResearchDemo" name="demo" time="0.000"/>
  <testcase classname="Testng.ResearchDemo" name="dpog" time="0.000"/>
  <testcase classname="Testng.ResearchDemo" name="filmy" time="0.000"/>
</testsuite> <!-- Testng.ResearchDemo -->
