<?xml version="1.0" encoding="UTF-8"?>
<!-- Generated by org.testng.reporters.JUnitReportReporter -->
<testsuite hostname="DESKTOP-SBQCLAR" failures="0" tests="1" name="Testng.Annotations" time="0.004" errors="0" timestamp="2020-03-03T14:48:28 IST" skipped="0">
  <testcase classname="Testng.Annotations" name="driver" time="0.004"/>
</testsuite> <!-- Testng.Annotations -->
