<?xml version="1.0" encoding="UTF-8"?>
<!-- Generated by org.testng.reporters.JUnitReportReporter -->
<testsuite hostname="DESKTOP-SBQCLAR" failures="0" tests="3" name="Testng.DataProviderDemo" time="0.010" errors="0" timestamp="2020-02-19T14:52:46 IST" skipped="0">
  <testcase classname="Testng.DataProviderDemo" name="CheckloginDemo" time="0.007"/>
  <testcase classname="Testng.DataProviderDemo" name="CheckloginDemo" time="0.001"/>
  <testcase classname="Testng.DataProviderDemo" name="CheckloginDemo" time="0.002"/>
</testsuite> <!-- Testng.DataProviderDemo -->
