<?xml version="1.0" encoding="UTF-8"?>
<!-- Generated by org.testng.reporters.JUnitReportReporter -->
<testsuite hostname="DESKTOP-SBQCLAR" failures="0" tests="3" name="com.btesElectrical.LoginTestMaven" time="7.516" errors="0" timestamp="28 Feb 2020 10:00:56 GMT" skipped="0">
  <testcase classname="com.btesElectrical.LoginTestMaven" name="login" time="6.175"/>
  <testcase classname="com.btesElectrical.LoginTestMaven" name="forgot" time="1.330"/>
  <testcase classname="com.btesElectrical.LoginTestMaven" name="CheckTitle" time="0.011"/>
</testsuite> <!-- com.btesElectrical.LoginTestMaven -->
